<?xml version="1.0" encoding="UTF-8"?>
<coverage generated="1752351500861" clover="3.2.0">
  <project timestamp="1752351500861" name="All files">
    <metrics statements="2" coveredstatements="2" conditionals="4" coveredconditionals="4" methods="1" coveredmethods="1" elements="7" coveredelements="7" complexity="0" loc="2" ncloc="2" packages="1" files="1" classes="1"/>
    <file name="collision.ts" path="/Users/nickbaret/vibecoding/planeapp/frontend/src/game/utils/collision.ts">
      <metrics statements="2" coveredstatements="2" conditionals="4" coveredconditionals="4" methods="1" coveredmethods="1"/>
      <line num="1" count="1" type="stmt"/>
      <line num="5" count="25" type="stmt"/>
    </file>
  </project>
</coverage>
