{"/Users/nickbaret/vibecoding/planeapp/frontend/src/game/utils/collision.ts": {"path":"/Users/nickbaret/vibecoding/planeapp/frontend/src/game/utils/collision.ts","statementMap":{"0":{"start":{"line":1,"column":0},"end":{"line":1,"column":16}},"1":{"start":{"line":5,"column":2},"end":{"line":10,"column":4}}},"fnMap":{"0":{"name":"isColliding","decl":{"start":{"line":1,"column":16},"end":{"line":1,"column":27}},"loc":{"start":{"line":3,"column":48},"end":{"line":11,"column":1}}}},"branchMap":{"0":{"loc":{"start":{"line":6,"column":4},"end":{"line":9,"column":16}},"type":"binary-expr","locations":[{"start":{"line":6,"column":4},"end":{"line":6,"column":16}},{"start":{"line":7,"column":4},"end":{"line":7,"column":16}},{"start":{"line":8,"column":4},"end":{"line":8,"column":16}},{"start":{"line":9,"column":4},"end":{"line":9,"column":16}}]}},"s":{"0":1,"1":25},"f":{"0":25},"b":{"0":[25,23,14,14]}}
}
