{"/Users/nickbaret/vibecoding/planeapp/frontend/src/components/Home.tsx": {"path":"/Users/nickbaret/vibecoding/planeapp/frontend/src/components/Home.tsx","statementMap":{"0":{"start":{"line":1,"column":0},"end":{"line":1,"column":26}},"1":{"start":{"line":2,"column":0},"end":{"line":2,"column":66}},"2":{"start":{"line":3,"column":0},"end":{"line":3,"column":49}},"3":{"start":{"line":4,"column":0},"end":{"line":4,"column":34}},"4":{"start":{"line":6,"column":20},"end":{"line":9,"column":1}},"5":{"start":{"line":7,"column":14},"end":{"line":7,"column":38}},"6":{"start":{"line":8,"column":2},"end":{"line":8,"column":18}},"7":{"start":{"line":11,"column":23},"end":{"line":75,"column":1}},"8":{"start":{"line":12,"column":37},"end":{"line":15,"column":4}},"9":{"start":{"line":17,"column":2},"end":{"line":74,"column":4}},"10":{"start":{"line":68,"column":30},"end":{"line":68,"column":70}},"11":{"start":{"line":77,"column":0},"end":{"line":77,"column":20}}},"fnMap":{"0":{"name":"(anonymous_10)","decl":{"start":{"line":6,"column":20},"end":{"line":6,"column":25}},"loc":{"start":{"line":6,"column":31},"end":{"line":9,"column":1}}},"1":{"name":"(anonymous_11)","decl":{"start":{"line":11,"column":23},"end":{"line":11,"column":26}},"loc":{"start":{"line":11,"column":28},"end":{"line":75,"column":1}}},"2":{"name":"(anonymous_12)","decl":{"start":{"line":68,"column":25},"end":{"line":68,"column":28}},"loc":{"start":{"line":68,"column":30},"end":{"line":68,"column":70}}},"3":{"name":"(anonymous_13)","decl":{"start":{"line":68,"column":30},"end":{"line":68,"column":38}},"loc":{"start":{"line":68,"column":30},"end":{"line":68,"column":70}}}},"branchMap":{"0":{"loc":{"start":{"line":42,"column":7},"end":{"line":42,"column":40}},"type":"binary-expr","locations":[{"start":{"line":42,"column":7},"end":{"line":42,"column":16}},{"start":{"line":42,"column":20},"end":{"line":42,"column":40}}]},"1":{"loc":{"start":{"line":43,"column":7},"end":{"line":44,"column":null}},"type":"binary-expr","locations":[{"start":{"line":43,"column":7},"end":{"line":43,"column":12}},{"start":{"line":44,"column":8},"end":{"line":44,"column":75}}]},"2":{"loc":{"start":{"line":46,"column":7},"end":{"line":47,"column":null}},"type":"binary-expr","locations":[{"start":{"line":46,"column":7},"end":{"line":46,"column":11}},{"start":{"line":47,"column":8},"end":{"line":47,"column":78}}]}},"s":{"0":1,"1":1,"2":1,"3":1,"4":1,"5":2,"6":2,"7":1,"8":2,"9":2,"10":4,"11":1},"f":{"0":2,"1":2,"2":2,"3":2},"b":{"0":[2,1],"1":[2,0],"2":[2,1]}}
,"/Users/nickbaret/vibecoding/planeapp/frontend/src/components/Layout.tsx": {"path":"/Users/nickbaret/vibecoding/planeapp/frontend/src/components/Layout.tsx","statementMap":{"0":{"start":{"line":2,"column":0},"end":{"line":2,"column":42}},"1":{"start":{"line":3,"column":0},"end":{"line":3,"column":71}},"2":{"start":{"line":5,"column":25},"end":{"line":17,"column":null}},"3":{"start":{"line":6,"column":2},"end":{"line":16,"column":null}},"4":{"start":{"line":20,"column":0},"end":{"line":20,"column":22}}},"fnMap":{"0":{"name":"(anonymous_0)","decl":{"start":{"line":5,"column":25},"end":{"line":5,"column":28}},"loc":{"start":{"line":6,"column":2},"end":{"line":16,"column":null}}}},"branchMap":{},"s":{"0":1,"1":1,"2":1,"3":1,"4":1},"f":{"0":1},"b":{}}
,"/Users/nickbaret/vibecoding/planeapp/frontend/src/game/components/GameCanvas.tsx": {"path":"/Users/nickbaret/vibecoding/planeapp/frontend/src/game/components/GameCanvas.tsx","statementMap":{"0":{"start":{"line":1,"column":0},"end":{"line":1,"column":59}},"1":{"start":{"line":2,"column":0},"end":{"line":2,"column":39}},"2":{"start":{"line":3,"column":0},"end":{"line":3,"column":47}},"3":{"start":{"line":4,"column":0},"end":{"line":4,"column":39}},"4":{"start":{"line":5,"column":0},"end":{"line":5,"column":41}},"5":{"start":{"line":6,"column":0},"end":{"line":6,"column":49}},"6":{"start":{"line":8,"column":21},"end":{"line":8,"column":24}},"7":{"start":{"line":9,"column":22},"end":{"line":9,"column":25}},"8":{"start":{"line":11,"column":19},"end":{"line":11,"column":38}},"9":{"start":{"line":12,"column":20},"end":{"line":12,"column":41}},"10":{"start":{"line":13,"column":20},"end":{"line":13,"column":40}},"11":{"start":{"line":15,"column":18},"end":{"line":19,"column":2}},"12":{"start":{"line":21,"column":21},"end":{"line":25,"column":2}},"13":{"start":{"line":21,"column":27},"end":{"line":25,"column":2}},"14":{"start":{"line":26,"column":23},"end":{"line":28,"column":2}},"15":{"start":{"line":26,"column":29},"end":{"line":28,"column":2}},"16":{"start":{"line":30,"column":29},"end":{"line":187,"column":1}},"17":{"start":{"line":31,"column":20},"end":{"line":31,"column":51}},"18":{"start":{"line":32,"column":28},"end":{"line":32,"column":39}},"19":{"start":{"line":33,"column":34},"end":{"line":33,"column":49}},"20":{"start":{"line":34,"column":28},"end":{"line":34,"column":52}},"21":{"start":{"line":35,"column":32},"end":{"line":35,"column":58}},"22":{"start":{"line":36,"column":15},"end":{"line":36,"column":69}},"23":{"start":{"line":38,"column":24},"end":{"line":50,"column":3}},"24":{"start":{"line":39,"column":4},"end":{"line":39,"column":16}},"25":{"start":{"line":40,"column":4},"end":{"line":40,"column":23}},"26":{"start":{"line":41,"column":4},"end":{"line":41,"column":29}},"27":{"start":{"line":42,"column":4},"end":{"line":42,"column":33}},"28":{"start":{"line":43,"column":4},"end":{"line":43,"column":24}},"29":{"start":{"line":44,"column":4},"end":{"line":44,"column":40}},"30":{"start":{"line":45,"column":4},"end":{"line":45,"column":24}},"31":{"start":{"line":46,"column":4},"end":{"line":46,"column":24}},"32":{"start":{"line":47,"column":4},"end":{"line":47,"column":34}},"33":{"start":{"line":48,"column":4},"end":{"line":48,"column":34}},"34":{"start":{"line":49,"column":4},"end":{"line":49,"column":35}},"35":{"start":{"line":52,"column":2},"end":{"line":76,"column":40}},"36":{"start":{"line":53,"column":19},"end":{"line":53,"column":36}},"37":{"start":{"line":54,"column":16},"end":{"line":54,"column":40}},"38":{"start":{"line":57,"column":19},"end":{"line":73,"column":5}},"39":{"start":{"line":58,"column":6},"end":{"line":58,"column":23}},"40":{"start":{"line":58,"column":16},"end":{"line":58,"column":23}},"41":{"start":{"line":59,"column":6},"end":{"line":59,"column":55}},"42":{"start":{"line":60,"column":6},"end":{"line":60,"column":44}},"43":{"start":{"line":60,"column":31},"end":{"line":60,"column":42}},"44":{"start":{"line":61,"column":6},"end":{"line":61,"column":46}},"45":{"start":{"line":61,"column":30},"end":{"line":61,"column":44}},"46":{"start":{"line":62,"column":6},"end":{"line":62,"column":50}},"47":{"start":{"line":62,"column":33},"end":{"line":62,"column":48}},"48":{"start":{"line":63,"column":6},"end":{"line":63,"column":29}},"49":{"start":{"line":64,"column":6},"end":{"line":64,"column":30}},"50":{"start":{"line":65,"column":6},"end":{"line":65,"column":29}},"51":{"start":{"line":66,"column":6},"end":{"line":66,"column":46}},"52":{"start":{"line":67,"column":6},"end":{"line":71,"column":7}},"53":{"start":{"line":68,"column":8},"end":{"line":68,"column":30}},"54":{"start":{"line":69,"column":8},"end":{"line":69,"column":32}},"55":{"start":{"line":70,"column":8},"end":{"line":70,"column":78}},"56":{"start":{"line":72,"column":6},"end":{"line":72,"column":55}},"57":{"start":{"line":74,"column":4},"end":{"line":74,"column":13}},"58":{"start":{"line":75,"column":4},"end":{"line":75,"column":56}},"59":{"start":{"line":75,"column":17},"end":{"line":75,"column":55}},"60":{"start":{"line":78,"column":2},"end":{"line":91,"column":17}},"61":{"start":{"line":79,"column":26},"end":{"line":81,"column":5}},"62":{"start":{"line":80,"column":6},"end":{"line":80,"column":59}},"63":{"start":{"line":80,"column":21},"end":{"line":80,"column":59}},"64":{"start":{"line":82,"column":24},"end":{"line":84,"column":5}},"65":{"start":{"line":83,"column":6},"end":{"line":83,"column":60}},"66":{"start":{"line":83,"column":21},"end":{"line":83,"column":60}},"67":{"start":{"line":85,"column":4},"end":{"line":85,"column":54}},"68":{"start":{"line":86,"column":4},"end":{"line":86,"column":50}},"69":{"start":{"line":87,"column":4},"end":{"line":90,"column":6}},"70":{"start":{"line":88,"column":6},"end":{"line":88,"column":59}},"71":{"start":{"line":89,"column":6},"end":{"line":89,"column":55}},"72":{"start":{"line":93,"column":2},"end":{"line":142,"column":33}},"73":{"start":{"line":95,"column":6},"end":{"line":137,"column":7}},"74":{"start":{"line":96,"column":8},"end":{"line":96,"column":39}},"75":{"start":{"line":97,"column":8},"end":{"line":97,"column":51}},"76":{"start":{"line":97,"column":35},"end":{"line":97,"column":49}},"77":{"start":{"line":99,"column":8},"end":{"line":115,"column":11}},"78":{"start":{"line":100,"column":10},"end":{"line":114,"column":11}},"79":{"start":{"line":112,"column":12},"end":{"line":112,"column":27}},"80":{"start":{"line":113,"column":12},"end":{"line":113,"column":35}},"81":{"start":{"line":113,"column":28},"end":{"line":113,"column":33}},"82":{"start":{"line":117,"column":23},"end":{"line":117,"column":28}},"83":{"start":{"line":118,"column":8},"end":{"line":133,"column":11}},"84":{"start":{"line":119,"column":10},"end":{"line":132,"column":11}},"85":{"start":{"line":131,"column":12},"end":{"line":131,"column":28}},"86":{"start":{"line":134,"column":8},"end":{"line":136,"column":9}},"87":{"start":{"line":135,"column":10},"end":{"line":135,"column":28}},"88":{"start":{"line":138,"column":6},"end":{"line":138,"column":38}},"89":{"start":{"line":140,"column":4},"end":{"line":140,"column":36}},"90":{"start":{"line":141,"column":4},"end":{"line":141,"column":20}},"91":{"start":{"line":144,"column":2},"end":{"line":186,"column":4}},"92":{"start":{"line":189,"column":0},"end":{"line":189,"column":26}}},"fnMap":{"0":{"name":"(anonymous_0)","decl":{"start":{"line":21,"column":21},"end":{"line":21,"column":24}},"loc":{"start":{"line":21,"column":27},"end":{"line":25,"column":2}}},"1":{"name":"(anonymous_1)","decl":{"start":{"line":26,"column":23},"end":{"line":26,"column":26}},"loc":{"start":{"line":26,"column":29},"end":{"line":28,"column":2}}},"2":{"name":"(anonymous_2)","decl":{"start":{"line":30,"column":29},"end":{"line":30,"column":32}},"loc":{"start":{"line":30,"column":34},"end":{"line":187,"column":1}}},"3":{"name":"(anonymous_3)","decl":{"start":{"line":38,"column":24},"end":{"line":38,"column":27}},"loc":{"start":{"line":38,"column":29},"end":{"line":50,"column":3}}},"4":{"name":"(anonymous_4)","decl":{"start":{"line":52,"column":12},"end":{"line":52,"column":15}},"loc":{"start":{"line":52,"column":17},"end":{"line":76,"column":3}}},"5":{"name":"(anonymous_5)","decl":{"start":{"line":57,"column":19},"end":{"line":57,"column":22}},"loc":{"start":{"line":57,"column":24},"end":{"line":73,"column":5}}},"6":{"name":"(anonymous_6)","decl":{"start":{"line":60,"column":24},"end":{"line":60,"column":25}},"loc":{"start":{"line":60,"column":31},"end":{"line":60,"column":42}}},"7":{"name":"(anonymous_7)","decl":{"start":{"line":61,"column":20},"end":{"line":61,"column":21}},"loc":{"start":{"line":61,"column":30},"end":{"line":61,"column":44}}},"8":{"name":"(anonymous_8)","decl":{"start":{"line":62,"column":22},"end":{"line":62,"column":23}},"loc":{"start":{"line":62,"column":33},"end":{"line":62,"column":48}}},"9":{"name":"(anonymous_9)","decl":{"start":{"line":75,"column":11},"end":{"line":75,"column":14}},"loc":{"start":{"line":75,"column":17},"end":{"line":75,"column":55}}},"10":{"name":"(anonymous_10)","decl":{"start":{"line":78,"column":12},"end":{"line":78,"column":15}},"loc":{"start":{"line":78,"column":17},"end":{"line":91,"column":3}}},"11":{"name":"(anonymous_11)","decl":{"start":{"line":79,"column":26},"end":{"line":79,"column":27}},"loc":{"start":{"line":79,"column":47},"end":{"line":81,"column":5}}},"12":{"name":"(anonymous_12)","decl":{"start":{"line":82,"column":24},"end":{"line":82,"column":25}},"loc":{"start":{"line":82,"column":45},"end":{"line":84,"column":5}}},"13":{"name":"(anonymous_13)","decl":{"start":{"line":87,"column":11},"end":{"line":87,"column":14}},"loc":{"start":{"line":87,"column":16},"end":{"line":90,"column":5}}},"14":{"name":"(anonymous_14)","decl":{"start":{"line":93,"column":12},"end":{"line":93,"column":15}},"loc":{"start":{"line":93,"column":17},"end":{"line":142,"column":3}}},"15":{"name":"gameLoop","decl":{"start":{"line":94,"column":13},"end":{"line":94,"column":21}},"loc":{"start":{"line":94,"column":21},"end":{"line":139,"column":5}}},"16":{"name":"(anonymous_16)","decl":{"start":{"line":97,"column":24},"end":{"line":97,"column":25}},"loc":{"start":{"line":97,"column":35},"end":{"line":97,"column":49}}},"17":{"name":"(anonymous_17)","decl":{"start":{"line":99,"column":22},"end":{"line":99,"column":23}},"loc":{"start":{"line":99,"column":31},"end":{"line":115,"column":9}}},"18":{"name":"(anonymous_18)","decl":{"start":{"line":113,"column":21},"end":{"line":113,"column":22}},"loc":{"start":{"line":113,"column":28},"end":{"line":113,"column":33}}},"19":{"name":"(anonymous_19)","decl":{"start":{"line":118,"column":24},"end":{"line":118,"column":25}},"loc":{"start":{"line":118,"column":34},"end":{"line":133,"column":9}}},"20":{"name":"(anonymous_20)","decl":{"start":{"line":141,"column":11},"end":{"line":141,"column":14}},"loc":{"start":{"line":141,"column":16},"end":{"line":141,"column":19}}}},"branchMap":{"0":{"loc":{"start":{"line":58,"column":6},"end":{"line":58,"column":23}},"type":"if","locations":[{"start":{"line":58,"column":6},"end":{"line":58,"column":23}},{"start":{},"end":{}}]},"1":{"loc":{"start":{"line":67,"column":6},"end":{"line":71,"column":7}},"type":"if","locations":[{"start":{"line":67,"column":6},"end":{"line":71,"column":7}},{"start":{},"end":{}}]},"2":{"loc":{"start":{"line":80,"column":6},"end":{"line":80,"column":59}},"type":"if","locations":[{"start":{"line":80,"column":6},"end":{"line":80,"column":59}},{"start":{},"end":{}}]},"3":{"loc":{"start":{"line":83,"column":6},"end":{"line":83,"column":60}},"type":"if","locations":[{"start":{"line":83,"column":6},"end":{"line":83,"column":60}},{"start":{},"end":{}}]},"4":{"loc":{"start":{"line":95,"column":6},"end":{"line":137,"column":7}},"type":"if","locations":[{"start":{"line":95,"column":6},"end":{"line":137,"column":7}},{"start":{},"end":{}}]},"5":{"loc":{"start":{"line":100,"column":10},"end":{"line":114,"column":11}},"type":"if","locations":[{"start":{"line":100,"column":10},"end":{"line":114,"column":11}},{"start":{},"end":{}}]},"6":{"loc":{"start":{"line":100,"column":14},"end":{"line":109,"column":null}},"type":"binary-expr","locations":[{"start":{"line":100,"column":14},"end":{"line":100,"column":29}},{"start":{"line":101,"column":12},"end":{"line":109,"column":null}}]},"7":{"loc":{"start":{"line":119,"column":10},"end":{"line":132,"column":11}},"type":"if","locations":[{"start":{"line":119,"column":10},"end":{"line":132,"column":11}},{"start":{},"end":{}}]},"8":{"loc":{"start":{"line":134,"column":8},"end":{"line":136,"column":9}},"type":"if","locations":[{"start":{"line":134,"column":8},"end":{"line":136,"column":9}},{"start":{},"end":{}}]},"9":{"loc":{"start":{"line":165,"column":7},"end":{"line":183,"column":null}},"type":"binary-expr","locations":[{"start":{"line":165,"column":7},"end":{"line":165,"column":15}},{"start":{"line":166,"column":8},"end":{"line":180,"column":null}}]}},"s":{"0":3,"1":3,"2":3,"3":3,"4":3,"5":3,"6":3,"7":3,"8":3,"9":3,"10":3,"11":3,"12":3,"13":5,"14":3,"15":5,"16":3,"17":5,"18":5,"19":5,"20":5,"21":5,"22":5,"23":5,"24":0,"25":0,"26":0,"27":0,"28":0,"29":0,"30":0,"31":0,"32":0,"33":0,"34":0,"35":5,"36":4,"37":4,"38":4,"39":4,"40":0,"41":4,"42":4,"43":12,"44":4,"45":12,"46":4,"47":4,"48":4,"49":4,"50":4,"51":4,"52":4,"53":0,"54":0,"55":0,"56":4,"57":4,"58":4,"59":4,"60":5,"61":4,"62":0,"63":0,"64":4,"65":0,"66":0,"67":4,"68":4,"69":4,"70":4,"71":4,"72":5,"73":0,"74":0,"75":0,"76":0,"77":0,"78":0,"79":0,"80":0,"81":0,"82":0,"83":0,"84":0,"85":0,"86":0,"87":0,"88":0,"89":4,"90":4,"91":5,"92":3},"f":{"0":5,"1":5,"2":5,"3":0,"4":4,"5":4,"6":12,"7":12,"8":4,"9":4,"10":4,"11":0,"12":0,"13":4,"14":4,"15":0,"16":0,"17":0,"18":0,"19":0,"20":4},"b":{"0":[0,4],"1":[0,4],"2":[0,0],"3":[0,0],"4":[0,0],"5":[0,0],"6":[0,0],"7":[0,0],"8":[0,0],"9":[5,0]}}
,"/Users/nickbaret/vibecoding/planeapp/frontend/src/game/objects/Coin.ts": {"path":"/Users/nickbaret/vibecoding/planeapp/frontend/src/game/objects/Coin.ts","statementMap":{"0":{"start":{"line":1,"column":0},"end":{"line":1,"column":42}},"1":{"start":{"line":4,"column":23},"end":{"line":4,"column":28}},"2":{"start":{"line":8,"column":4},"end":{"line":8,"column":16}},"3":{"start":{"line":9,"column":4},"end":{"line":9,"column":37}},"4":{"start":{"line":10,"column":4},"end":{"line":10,"column":32}},"5":{"start":{"line":14,"column":4},"end":{"line":21,"column":5}},"6":{"start":{"line":15,"column":6},"end":{"line":15,"column":57}},"7":{"start":{"line":16,"column":11},"end":{"line":21,"column":5}},"8":{"start":{"line":17,"column":6},"end":{"line":17,"column":29}},"9":{"start":{"line":18,"column":6},"end":{"line":18,"column":22}},"10":{"start":{"line":19,"column":6},"end":{"line":19,"column":60}},"11":{"start":{"line":20,"column":6},"end":{"line":20,"column":17}},"12":{"start":{"line":25,"column":4},"end":{"line":25,"column":26}},"13":{"start":{"line":3,"column":0},"end":{"line":3,"column":13}}},"fnMap":{"0":{"name":"(anonymous_0)","decl":{"start":{"line":7,"column":2},"end":{"line":7,"column":14}},"loc":{"start":{"line":7,"column":53},"end":{"line":11,"column":3}}},"1":{"name":"(anonymous_1)","decl":{"start":{"line":13,"column":2},"end":{"line":13,"column":6}},"loc":{"start":{"line":13,"column":36},"end":{"line":22,"column":3}}},"2":{"name":"(anonymous_2)","decl":{"start":{"line":24,"column":2},"end":{"line":24,"column":9}},"loc":{"start":{"line":24,"column":9},"end":{"line":26,"column":3}}}},"branchMap":{"0":{"loc":{"start":{"line":14,"column":4},"end":{"line":21,"column":5}},"type":"if","locations":[{"start":{"line":14,"column":4},"end":{"line":21,"column":5}},{"start":{"line":16,"column":11},"end":{"line":21,"column":5}}]},"1":{"loc":{"start":{"line":14,"column":8},"end":{"line":14,"column":79}},"type":"binary-expr","locations":[{"start":{"line":14,"column":8},"end":{"line":14,"column":23}},{"start":{"line":14,"column":27},"end":{"line":14,"column":47}},{"start":{"line":14,"column":51},"end":{"line":14,"column":79}}]},"2":{"loc":{"start":{"line":16,"column":11},"end":{"line":21,"column":5}},"type":"if","locations":[{"start":{"line":16,"column":11},"end":{"line":21,"column":5}},{"start":{},"end":{}}]}},"s":{"0":4,"1":17,"2":17,"3":17,"4":17,"5":12,"6":0,"7":12,"8":12,"9":12,"10":12,"11":12,"12":1,"13":4},"f":{"0":17,"1":12,"2":1},"b":{"0":[0,12],"1":[12,12,0],"2":[12,0]}}
,"/Users/nickbaret/vibecoding/planeapp/frontend/src/game/objects/Enemy.ts": {"path":"/Users/nickbaret/vibecoding/planeapp/frontend/src/game/objects/Enemy.ts","statementMap":{"0":{"start":{"line":1,"column":0},"end":{"line":1,"column":42}},"1":{"start":{"line":9,"column":4},"end":{"line":9,"column":16}},"2":{"start":{"line":10,"column":4},"end":{"line":10,"column":37}},"3":{"start":{"line":11,"column":4},"end":{"line":11,"column":32}},"4":{"start":{"line":12,"column":4},"end":{"line":12,"column":23}},"5":{"start":{"line":13,"column":4},"end":{"line":13,"column":23}},"6":{"start":{"line":17,"column":4},"end":{"line":17,"column":42}},"7":{"start":{"line":19,"column":4},"end":{"line":21,"column":5}},"8":{"start":{"line":20,"column":6},"end":{"line":20,"column":27}},"9":{"start":{"line":25,"column":4},"end":{"line":30,"column":5}},"10":{"start":{"line":26,"column":6},"end":{"line":26,"column":57}},"11":{"start":{"line":28,"column":6},"end":{"line":28,"column":30}},"12":{"start":{"line":29,"column":6},"end":{"line":29,"column":43}},"13":{"start":{"line":3,"column":0},"end":{"line":3,"column":13}}},"fnMap":{"0":{"name":"(anonymous_0)","decl":{"start":{"line":8,"column":2},"end":{"line":8,"column":14}},"loc":{"start":{"line":8,"column":72},"end":{"line":14,"column":3}}},"1":{"name":"(anonymous_1)","decl":{"start":{"line":16,"column":2},"end":{"line":16,"column":8}},"loc":{"start":{"line":16,"column":8},"end":{"line":22,"column":3}}},"2":{"name":"(anonymous_2)","decl":{"start":{"line":24,"column":2},"end":{"line":24,"column":6}},"loc":{"start":{"line":24,"column":36},"end":{"line":31,"column":3}}}},"branchMap":{"0":{"loc":{"start":{"line":8,"column":55},"end":{"line":8,"column":72}},"type":"default-arg","locations":[{"start":{"line":8,"column":71},"end":{"line":8,"column":72}}]},"1":{"loc":{"start":{"line":19,"column":4},"end":{"line":21,"column":5}},"type":"if","locations":[{"start":{"line":19,"column":4},"end":{"line":21,"column":5}},{"start":{},"end":{}}]},"2":{"loc":{"start":{"line":19,"column":8},"end":{"line":19,"column":34}},"type":"binary-expr","locations":[{"start":{"line":19,"column":8},"end":{"line":19,"column":18}},{"start":{"line":19,"column":22},"end":{"line":19,"column":34}}]},"3":{"loc":{"start":{"line":25,"column":4},"end":{"line":30,"column":5}},"type":"if","locations":[{"start":{"line":25,"column":4},"end":{"line":30,"column":5}},{"start":{"line":27,"column":11},"end":{"line":30,"column":5}}]},"4":{"loc":{"start":{"line":25,"column":8},"end":{"line":25,"column":60}},"type":"binary-expr","locations":[{"start":{"line":25,"column":8},"end":{"line":25,"column":28}},{"start":{"line":25,"column":32},"end":{"line":25,"column":60}}]}},"s":{"0":4,"1":8,"2":8,"3":8,"4":8,"5":8,"6":3,"7":3,"8":2,"9":4,"10":0,"11":4,"12":4,"13":4},"f":{"0":8,"1":3,"2":4},"b":{"0":[0],"1":[2,1],"2":[3,2],"3":[0,4],"4":[4,0]}}
,"/Users/nickbaret/vibecoding/planeapp/frontend/src/game/objects/GameObject.ts": {"path":"/Users/nickbaret/vibecoding/planeapp/frontend/src/game/objects/GameObject.ts","statementMap":{"0":{"start":{"line":6,"column":4},"end":{"line":6,"column":15}},"1":{"start":{"line":7,"column":4},"end":{"line":7,"column":15}},"2":{"start":{"line":1,"column":0},"end":{"line":1,"column":22}}},"fnMap":{"0":{"name":"(anonymous_0)","decl":{"start":{"line":5,"column":2},"end":{"line":5,"column":14}},"loc":{"start":{"line":5,"column":34},"end":{"line":8,"column":3}}}},"branchMap":{},"s":{"0":26,"1":26,"2":6},"f":{"0":26},"b":{}}
,"/Users/nickbaret/vibecoding/planeapp/frontend/src/game/objects/Platform.ts": {"path":"/Users/nickbaret/vibecoding/planeapp/frontend/src/game/objects/Platform.ts","statementMap":{"0":{"start":{"line":8,"column":4},"end":{"line":8,"column":15}},"1":{"start":{"line":9,"column":4},"end":{"line":9,"column":15}},"2":{"start":{"line":10,"column":4},"end":{"line":10,"column":23}},"3":{"start":{"line":11,"column":4},"end":{"line":11,"column":25}},"4":{"start":{"line":15,"column":4},"end":{"line":15,"column":27}},"5":{"start":{"line":16,"column":4},"end":{"line":16,"column":58}},"6":{"start":{"line":1,"column":0},"end":{"line":1,"column":13}}},"fnMap":{"0":{"name":"(anonymous_0)","decl":{"start":{"line":7,"column":2},"end":{"line":7,"column":14}},"loc":{"start":{"line":7,"column":65},"end":{"line":12,"column":3}}},"1":{"name":"(anonymous_1)","decl":{"start":{"line":14,"column":2},"end":{"line":14,"column":6}},"loc":{"start":{"line":14,"column":36},"end":{"line":17,"column":3}}}},"branchMap":{},"s":{"0":10,"1":10,"2":10,"3":10,"4":12,"5":12,"6":4},"f":{"0":10,"1":12},"b":{}}
,"/Users/nickbaret/vibecoding/planeapp/frontend/src/game/objects/Sprite.ts": {"path":"/Users/nickbaret/vibecoding/planeapp/frontend/src/game/objects/Sprite.ts","statementMap":{"0":{"start":{"line":4,"column":35},"end":{"line":4,"column":39}},"1":{"start":{"line":7,"column":4},"end":{"line":7,"column":15}},"2":{"start":{"line":8,"column":4},"end":{"line":8,"column":15}},"3":{"start":{"line":9,"column":4},"end":{"line":12,"column":5}},"4":{"start":{"line":10,"column":6},"end":{"line":10,"column":38}},"5":{"start":{"line":11,"column":6},"end":{"line":11,"column":27}},"6":{"start":{"line":16,"column":4},"end":{"line":18,"column":5}},"7":{"start":{"line":17,"column":6},"end":{"line":17,"column":48}},"8":{"start":{"line":1,"column":0},"end":{"line":1,"column":13}}},"fnMap":{"0":{"name":"(anonymous_0)","decl":{"start":{"line":6,"column":2},"end":{"line":6,"column":14}},"loc":{"start":{"line":6,"column":48},"end":{"line":13,"column":3}}},"1":{"name":"(anonymous_1)","decl":{"start":{"line":15,"column":2},"end":{"line":15,"column":6}},"loc":{"start":{"line":15,"column":36},"end":{"line":19,"column":3}}}},"branchMap":{"0":{"loc":{"start":{"line":9,"column":4},"end":{"line":12,"column":5}},"type":"if","locations":[{"start":{"line":9,"column":4},"end":{"line":12,"column":5}},{"start":{},"end":{}}]},"1":{"loc":{"start":{"line":16,"column":4},"end":{"line":18,"column":5}},"type":"if","locations":[{"start":{"line":16,"column":4},"end":{"line":18,"column":5}},{"start":{},"end":{}}]},"2":{"loc":{"start":{"line":16,"column":8},"end":{"line":16,"column":41}},"type":"binary-expr","locations":[{"start":{"line":16,"column":8},"end":{"line":16,"column":18}},{"start":{"line":16,"column":22},"end":{"line":16,"column":41}}]}},"s":{"0":2,"1":2,"2":2,"3":2,"4":1,"5":1,"6":0,"7":0,"8":1},"f":{"0":2,"1":0},"b":{"0":[1,1],"1":[0,0],"2":[0,0]}}
,"/Users/nickbaret/vibecoding/planeapp/frontend/src/game/objects/User.ts": {"path":"/Users/nickbaret/vibecoding/planeapp/frontend/src/game/objects/User.ts","statementMap":{"0":{"start":{"line":1,"column":0},"end":{"line":1,"column":50}},"1":{"start":{"line":6,"column":17},"end":{"line":6,"column":19}},"2":{"start":{"line":7,"column":18},"end":{"line":7,"column":20}},"3":{"start":{"line":8,"column":15},"end":{"line":8,"column":16}},"4":{"start":{"line":9,"column":15},"end":{"line":9,"column":16}},"5":{"start":{"line":10,"column":20},"end":{"line":10,"column":21}},"6":{"start":{"line":11,"column":22},"end":{"line":11,"column":24}},"7":{"start":{"line":12,"column":22},"end":{"line":12,"column":27}},"8":{"start":{"line":14,"column":22},"end":{"line":14,"column":27}},"9":{"start":{"line":15,"column":23},"end":{"line":15,"column":28}},"10":{"start":{"line":18,"column":4},"end":{"line":18,"column":15}},"11":{"start":{"line":19,"column":4},"end":{"line":19,"column":15}},"12":{"start":{"line":20,"column":4},"end":{"line":20,"column":37}},"13":{"start":{"line":21,"column":4},"end":{"line":21,"column":32}},"14":{"start":{"line":25,"column":4},"end":{"line":40,"column":5}},"15":{"start":{"line":27,"column":8},"end":{"line":27,"column":31}},"16":{"start":{"line":28,"column":8},"end":{"line":28,"column":14}},"17":{"start":{"line":30,"column":8},"end":{"line":30,"column":32}},"18":{"start":{"line":31,"column":8},"end":{"line":31,"column":14}},"19":{"start":{"line":33,"column":8},"end":{"line":36,"column":9}},"20":{"start":{"line":34,"column":10},"end":{"line":34,"column":36}},"21":{"start":{"line":35,"column":10},"end":{"line":35,"column":32}},"22":{"start":{"line":37,"column":8},"end":{"line":37,"column":14}},"23":{"start":{"line":39,"column":8},"end":{"line":39,"column":14}},"24":{"start":{"line":45,"column":4},"end":{"line":51,"column":5}},"25":{"start":{"line":46,"column":6},"end":{"line":46,"column":28}},"26":{"start":{"line":47,"column":11},"end":{"line":51,"column":5}},"27":{"start":{"line":48,"column":6},"end":{"line":48,"column":27}},"28":{"start":{"line":50,"column":6},"end":{"line":50,"column":18}},"29":{"start":{"line":52,"column":4},"end":{"line":52,"column":22}},"30":{"start":{"line":55,"column":4},"end":{"line":55,"column":28}},"31":{"start":{"line":56,"column":4},"end":{"line":56,"column":22}},"32":{"start":{"line":59,"column":4},"end":{"line":59,"column":26}},"33":{"start":{"line":60,"column":4},"end":{"line":77,"column":5}},"34":{"start":{"line":62,"column":20},"end":{"line":62,"column":42}},"35":{"start":{"line":63,"column":20},"end":{"line":63,"column":52}},"36":{"start":{"line":64,"column":6},"end":{"line":74,"column":7}},"37":{"start":{"line":71,"column":8},"end":{"line":71,"column":37}},"38":{"start":{"line":72,"column":8},"end":{"line":72,"column":20}},"39":{"start":{"line":73,"column":8},"end":{"line":73,"column":29}},"40":{"start":{"line":79,"column":16},"end":{"line":79,"column":119}},"41":{"start":{"line":80,"column":4},"end":{"line":80,"column":19}},"42":{"start":{"line":81,"column":4},"end":{"line":81,"column":19}},"43":{"start":{"line":85,"column":4},"end":{"line":90,"column":5}},"44":{"start":{"line":86,"column":6},"end":{"line":86,"column":103}},"45":{"start":{"line":88,"column":6},"end":{"line":88,"column":32}},"46":{"start":{"line":89,"column":6},"end":{"line":89,"column":89}},"47":{"start":{"line":3,"column":0},"end":{"line":3,"column":13}}},"fnMap":{"0":{"name":"(anonymous_0)","decl":{"start":{"line":17,"column":2},"end":{"line":17,"column":14}},"loc":{"start":{"line":17,"column":76},"end":{"line":22,"column":3}}},"1":{"name":"(anonymous_1)","decl":{"start":{"line":24,"column":2},"end":{"line":24,"column":13}},"loc":{"start":{"line":24,"column":49},"end":{"line":41,"column":3}}},"2":{"name":"(anonymous_2)","decl":{"start":{"line":43,"column":2},"end":{"line":43,"column":8}},"loc":{"start":{"line":43,"column":82},"end":{"line":82,"column":3}}},"3":{"name":"(anonymous_3)","decl":{"start":{"line":84,"column":2},"end":{"line":84,"column":6}},"loc":{"start":{"line":84,"column":36},"end":{"line":91,"column":3}}}},"branchMap":{"0":{"loc":{"start":{"line":17,"column":36},"end":{"line":17,"column":76}},"type":"default-arg","locations":[{"start":{"line":17,"column":56},"end":{"line":17,"column":76}}]},"1":{"loc":{"start":{"line":24,"column":27},"end":{"line":24,"column":49}},"type":"default-arg","locations":[{"start":{"line":24,"column":45},"end":{"line":24,"column":49}}]},"2":{"loc":{"start":{"line":25,"column":4},"end":{"line":40,"column":5}},"type":"switch","locations":[{"start":{"line":26,"column":6},"end":{"line":28,"column":14}},{"start":{"line":29,"column":6},"end":{"line":31,"column":14}},{"start":{"line":32,"column":6},"end":{"line":37,"column":14}},{"start":{"line":38,"column":6},"end":{"line":39,"column":14}}]},"3":{"loc":{"start":{"line":33,"column":8},"end":{"line":36,"column":9}},"type":"if","locations":[{"start":{"line":33,"column":8},"end":{"line":36,"column":9}},{"start":{},"end":{}}]},"4":{"loc":{"start":{"line":33,"column":12},"end":{"line":33,"column":35}},"type":"binary-expr","locations":[{"start":{"line":33,"column":12},"end":{"line":33,"column":18}},{"start":{"line":33,"column":22},"end":{"line":33,"column":35}}]},"5":{"loc":{"start":{"line":45,"column":4},"end":{"line":51,"column":5}},"type":"if","locations":[{"start":{"line":45,"column":4},"end":{"line":51,"column":5}},{"start":{"line":47,"column":11},"end":{"line":51,"column":5}}]},"6":{"loc":{"start":{"line":47,"column":11},"end":{"line":51,"column":5}},"type":"if","locations":[{"start":{"line":47,"column":11},"end":{"line":51,"column":5}},{"start":{"line":49,"column":11},"end":{"line":51,"column":5}}]},"7":{"loc":{"start":{"line":64,"column":6},"end":{"line":74,"column":7}},"type":"if","locations":[{"start":{"line":64,"column":6},"end":{"line":74,"column":7}},{"start":{},"end":{}}]},"8":{"loc":{"start":{"line":65,"column":8},"end":{"line":69,"column":20}},"type":"binary-expr","locations":[{"start":{"line":65,"column":8},"end":{"line":65,"column":36}},{"start":{"line":66,"column":8},"end":{"line":66,"column":46}},{"start":{"line":67,"column":8},"end":{"line":67,"column":20}},{"start":{"line":68,"column":8},"end":{"line":68,"column":20}},{"start":{"line":69,"column":8},"end":{"line":69,"column":20}}]},"9":{"loc":{"start":{"line":85,"column":4},"end":{"line":90,"column":5}},"type":"if","locations":[{"start":{"line":85,"column":4},"end":{"line":90,"column":5}},{"start":{"line":87,"column":11},"end":{"line":90,"column":5}}]},"10":{"loc":{"start":{"line":85,"column":8},"end":{"line":85,"column":60}},"type":"binary-expr","locations":[{"start":{"line":85,"column":8},"end":{"line":85,"column":28}},{"start":{"line":85,"column":32},"end":{"line":85,"column":60}}]}},"s":{"0":4,"1":8,"2":8,"3":8,"4":8,"5":8,"6":8,"7":8,"8":8,"9":8,"10":8,"11":8,"12":8,"13":8,"14":4,"15":2,"16":2,"17":2,"18":2,"19":0,"20":0,"21":0,"22":0,"23":0,"24":1,"25":0,"26":1,"27":1,"28":0,"29":1,"30":1,"31":1,"32":1,"33":1,"34":1,"35":1,"36":1,"37":0,"38":0,"39":0,"40":1,"41":1,"42":1,"43":4,"44":0,"45":4,"46":4,"47":4},"f":{"0":8,"1":4,"2":1,"3":4},"b":{"0":[2],"1":[0],"2":[2,2,0,0],"3":[0,0],"4":[0,0],"5":[0,1],"6":[1,0],"7":[0,1],"8":[1,1,1,1,0],"9":[0,4],"10":[4,0]}}
,"/Users/nickbaret/vibecoding/planeapp/frontend/src/game/utils/collision.ts": {"path":"/Users/nickbaret/vibecoding/planeapp/frontend/src/game/utils/collision.ts","statementMap":{"0":{"start":{"line":1,"column":0},"end":{"line":1,"column":16}},"1":{"start":{"line":5,"column":2},"end":{"line":10,"column":4}}},"fnMap":{"0":{"name":"isColliding","decl":{"start":{"line":1,"column":16},"end":{"line":1,"column":27}},"loc":{"start":{"line":3,"column":48},"end":{"line":11,"column":1}}}},"branchMap":{"0":{"loc":{"start":{"line":6,"column":4},"end":{"line":9,"column":16}},"type":"binary-expr","locations":[{"start":{"line":6,"column":4},"end":{"line":6,"column":16}},{"start":{"line":7,"column":4},"end":{"line":7,"column":16}},{"start":{"line":8,"column":4},"end":{"line":8,"column":16}},{"start":{"line":9,"column":4},"end":{"line":9,"column":16}}]}},"s":{"0":6,"1":37},"f":{"0":37},"b":{"0":[37,35,22,22]}}
,"/Users/nickbaret/vibecoding/planeapp/frontend/src/game/utils/position.ts": {"path":"/Users/nickbaret/vibecoding/planeapp/frontend/src/game/utils/position.ts","statementMap":{"0":{"start":{"line":6,"column":0},"end":{"line":6,"column":16}},"1":{"start":{"line":7,"column":2},"end":{"line":10,"column":4}}},"fnMap":{"0":{"name":"clampPosition","decl":{"start":{"line":6,"column":16},"end":{"line":6,"column":29}},"loc":{"start":{"line":6,"column":99},"end":{"line":11,"column":1}}}},"branchMap":{},"s":{"0":5,"1":3},"f":{"0":3},"b":{}}
,"/Users/nickbaret/vibecoding/planeapp/frontend/src/services/api.ts": {"path":"/Users/nickbaret/vibecoding/planeapp/frontend/src/services/api.ts","statementMap":{"0":{"start":{"line":1,"column":0},"end":{"line":1,"column":26}},"1":{"start":{"line":3,"column":17},"end":{"line":3,"column":44}},"2":{"start":{"line":5,"column":12},"end":{"line":10,"column":2}},"3":{"start":{"line":12,"column":0},"end":{"line":12,"column":19}}},"fnMap":{},"branchMap":{},"s":{"0":1,"1":1,"2":1,"3":1},"f":{},"b":{}}
}
