TN:
SF:src/components/Home.tsx
FN:6,(anonymous_10)
FN:11,(anonymous_11)
FN:68,(anonymous_12)
FN:68,(anonymous_13)
FNF:4
FNH:4
FNDA:2,(anonymous_10)
FNDA:2,(anonymous_11)
FNDA:2,(anonymous_12)
FNDA:2,(anonymous_13)
DA:1,1
DA:2,1
DA:3,1
DA:4,1
DA:6,1
DA:7,2
DA:8,2
DA:11,1
DA:12,2
DA:17,2
DA:68,4
DA:77,1
LF:12
LH:12
BRDA:42,0,0,2
BRDA:42,0,1,1
BRDA:43,1,0,2
BRDA:43,1,1,0
BRDA:46,2,0,2
BRDA:46,2,1,1
BRF:6
BRH:5
end_of_record
TN:
SF:src/components/Layout.tsx
FN:5,(anonymous_0)
FNF:1
FNH:1
FNDA:1,(anonymous_0)
DA:2,1
DA:3,1
DA:5,1
DA:6,1
DA:20,1
LF:5
LH:5
BRF:0
BRH:0
end_of_record
TN:
SF:src/game/components/GameCanvas.tsx
FN:21,(anonymous_0)
FN:26,(anonymous_1)
FN:30,(anonymous_2)
FN:38,(anonymous_3)
FN:52,(anonymous_4)
FN:57,(anonymous_5)
FN:60,(anonymous_6)
FN:61,(anonymous_7)
FN:62,(anonymous_8)
FN:75,(anonymous_9)
FN:78,(anonymous_10)
FN:79,(anonymous_11)
FN:82,(anonymous_12)
FN:87,(anonymous_13)
FN:93,(anonymous_14)
FN:94,gameLoop
FN:97,(anonymous_16)
FN:99,(anonymous_17)
FN:113,(anonymous_18)
FN:118,(anonymous_19)
FN:141,(anonymous_20)
FNF:21
FNH:13
FNDA:5,(anonymous_0)
FNDA:5,(anonymous_1)
FNDA:5,(anonymous_2)
FNDA:0,(anonymous_3)
FNDA:4,(anonymous_4)
FNDA:4,(anonymous_5)
FNDA:12,(anonymous_6)
FNDA:12,(anonymous_7)
FNDA:4,(anonymous_8)
FNDA:4,(anonymous_9)
FNDA:4,(anonymous_10)
FNDA:0,(anonymous_11)
FNDA:0,(anonymous_12)
FNDA:4,(anonymous_13)
FNDA:4,(anonymous_14)
FNDA:0,gameLoop
FNDA:0,(anonymous_16)
FNDA:0,(anonymous_17)
FNDA:0,(anonymous_18)
FNDA:0,(anonymous_19)
FNDA:4,(anonymous_20)
DA:1,3
DA:2,3
DA:3,3
DA:4,3
DA:5,3
DA:6,3
DA:8,3
DA:9,3
DA:11,3
DA:12,3
DA:13,3
DA:15,3
DA:21,5
DA:26,5
DA:30,3
DA:31,5
DA:32,5
DA:33,5
DA:34,5
DA:35,5
DA:36,5
DA:38,5
DA:39,0
DA:40,0
DA:41,0
DA:42,0
DA:43,0
DA:44,0
DA:45,0
DA:46,0
DA:47,0
DA:48,0
DA:49,0
DA:52,5
DA:53,4
DA:54,4
DA:57,4
DA:58,4
DA:59,4
DA:60,12
DA:61,12
DA:62,4
DA:63,4
DA:64,4
DA:65,4
DA:66,4
DA:67,4
DA:68,0
DA:69,0
DA:70,0
DA:72,4
DA:74,4
DA:75,4
DA:78,5
DA:79,4
DA:80,0
DA:82,4
DA:83,0
DA:85,4
DA:86,4
DA:87,4
DA:88,4
DA:89,4
DA:93,5
DA:95,0
DA:96,0
DA:97,0
DA:99,0
DA:100,0
DA:112,0
DA:113,0
DA:117,0
DA:118,0
DA:119,0
DA:131,0
DA:134,0
DA:135,0
DA:138,0
DA:140,4
DA:141,4
DA:144,5
DA:189,3
LF:82
LH:52
BRDA:58,0,0,0
BRDA:58,0,1,4
BRDA:67,1,0,0
BRDA:67,1,1,4
BRDA:80,2,0,0
BRDA:80,2,1,0
BRDA:83,3,0,0
BRDA:83,3,1,0
BRDA:95,4,0,0
BRDA:95,4,1,0
BRDA:100,5,0,0
BRDA:100,5,1,0
BRDA:100,6,0,0
BRDA:100,6,1,0
BRDA:119,7,0,0
BRDA:119,7,1,0
BRDA:134,8,0,0
BRDA:134,8,1,0
BRDA:165,9,0,5
BRDA:165,9,1,0
BRF:20
BRH:3
end_of_record
TN:
SF:src/game/objects/Coin.ts
FN:7,(anonymous_0)
FN:13,(anonymous_1)
FN:24,(anonymous_2)
FNF:3
FNH:3
FNDA:17,(anonymous_0)
FNDA:12,(anonymous_1)
FNDA:1,(anonymous_2)
DA:1,4
DA:3,4
DA:4,17
DA:8,17
DA:9,17
DA:10,17
DA:14,12
DA:15,0
DA:16,12
DA:17,12
DA:18,12
DA:19,12
DA:20,12
DA:25,1
LF:14
LH:13
BRDA:14,0,0,0
BRDA:14,0,1,12
BRDA:14,1,0,12
BRDA:14,1,1,12
BRDA:14,1,2,0
BRDA:16,2,0,12
BRDA:16,2,1,0
BRF:7
BRH:4
end_of_record
TN:
SF:src/game/objects/Enemy.ts
FN:8,(anonymous_0)
FN:16,(anonymous_1)
FN:24,(anonymous_2)
FNF:3
FNH:3
FNDA:8,(anonymous_0)
FNDA:3,(anonymous_1)
FNDA:4,(anonymous_2)
DA:1,4
DA:3,4
DA:9,8
DA:10,8
DA:11,8
DA:12,8
DA:13,8
DA:17,3
DA:19,3
DA:20,2
DA:25,4
DA:26,0
DA:28,4
DA:29,4
LF:14
LH:13
BRDA:8,0,0,0
BRDA:19,1,0,2
BRDA:19,1,1,1
BRDA:19,2,0,3
BRDA:19,2,1,2
BRDA:25,3,0,0
BRDA:25,3,1,4
BRDA:25,4,0,4
BRDA:25,4,1,0
BRF:9
BRH:6
end_of_record
TN:
SF:src/game/objects/GameObject.ts
FN:5,(anonymous_0)
FNF:1
FNH:1
FNDA:26,(anonymous_0)
DA:1,6
DA:6,26
DA:7,26
LF:3
LH:3
BRF:0
BRH:0
end_of_record
TN:
SF:src/game/objects/Platform.ts
FN:7,(anonymous_0)
FN:14,(anonymous_1)
FNF:2
FNH:2
FNDA:10,(anonymous_0)
FNDA:12,(anonymous_1)
DA:1,4
DA:8,10
DA:9,10
DA:10,10
DA:11,10
DA:15,12
DA:16,12
LF:7
LH:7
BRF:0
BRH:0
end_of_record
TN:
SF:src/game/objects/Sprite.ts
FN:6,(anonymous_0)
FN:15,(anonymous_1)
FNF:2
FNH:1
FNDA:2,(anonymous_0)
FNDA:0,(anonymous_1)
DA:1,1
DA:4,2
DA:7,2
DA:8,2
DA:9,2
DA:10,1
DA:11,1
DA:16,0
DA:17,0
LF:9
LH:7
BRDA:9,0,0,1
BRDA:9,0,1,1
BRDA:16,1,0,0
BRDA:16,1,1,0
BRDA:16,2,0,0
BRDA:16,2,1,0
BRF:6
BRH:2
end_of_record
TN:
SF:src/game/objects/User.ts
FN:17,(anonymous_0)
FN:24,(anonymous_1)
FN:43,(anonymous_2)
FN:84,(anonymous_3)
FNF:4
FNH:4
FNDA:8,(anonymous_0)
FNDA:4,(anonymous_1)
FNDA:1,(anonymous_2)
FNDA:4,(anonymous_3)
DA:1,4
DA:3,4
DA:6,8
DA:7,8
DA:8,8
DA:9,8
DA:10,8
DA:11,8
DA:12,8
DA:14,8
DA:15,8
DA:18,8
DA:19,8
DA:20,8
DA:21,8
DA:25,4
DA:27,2
DA:28,2
DA:30,2
DA:31,2
DA:33,0
DA:34,0
DA:35,0
DA:37,0
DA:39,0
DA:45,1
DA:46,0
DA:47,1
DA:48,1
DA:50,0
DA:52,1
DA:55,1
DA:56,1
DA:59,1
DA:60,1
DA:62,1
DA:63,1
DA:64,1
DA:71,0
DA:72,0
DA:73,0
DA:79,1
DA:80,1
DA:81,1
DA:85,4
DA:86,0
DA:88,4
DA:89,4
LF:48
LH:37
BRDA:17,0,0,2
BRDA:24,1,0,0
BRDA:25,2,0,2
BRDA:25,2,1,2
BRDA:25,2,2,0
BRDA:25,2,3,0
BRDA:33,3,0,0
BRDA:33,3,1,0
BRDA:33,4,0,0
BRDA:33,4,1,0
BRDA:45,5,0,0
BRDA:45,5,1,1
BRDA:47,6,0,1
BRDA:47,6,1,0
BRDA:64,7,0,0
BRDA:64,7,1,1
BRDA:65,8,0,1
BRDA:65,8,1,1
BRDA:65,8,2,1
BRDA:65,8,3,1
BRDA:65,8,4,0
BRDA:85,9,0,0
BRDA:85,9,1,4
BRDA:85,10,0,4
BRDA:85,10,1,0
BRF:25
BRH:12
end_of_record
TN:
SF:src/game/utils/collision.ts
FN:1,isColliding
FNF:1
FNH:1
FNDA:37,isColliding
DA:1,6
DA:5,37
LF:2
LH:2
BRDA:6,0,0,37
BRDA:6,0,1,35
BRDA:6,0,2,22
BRDA:6,0,3,22
BRF:4
BRH:4
end_of_record
TN:
SF:src/game/utils/position.ts
FN:6,clampPosition
FNF:1
FNH:1
FNDA:3,clampPosition
DA:6,5
DA:7,3
LF:2
LH:2
BRF:0
BRH:0
end_of_record
TN:
SF:src/services/api.ts
FNF:0
FNH:0
DA:1,1
DA:3,1
DA:5,1
DA:12,1
LF:4
LH:4
BRF:0
BRH:0
end_of_record
